Using pre-set license
Built from '2021.1/release' branch; Version is '2021.1.1f1 (6fdc41dfa55a) revision 7330881'; Using compiler version '192528614'; Build Type 'Release'
OS: 'Windows 10 Pro; OS build 19042.985; Version 2009; 64bit' Language: 'ko' Physical Memory: 16169 MB
BatchMode: 1, IsHumanControllingUs: 0, StartBugReporterOnCrash: 0, Is64bit: 1, IsPro: 0

 COMMAND LINE ARGUMENTS:
D:\Unity Project\2021.1.1f1\Editor\Unity.exe
-adb2
-batchMode
-noUpm
-name
AssetImportWorker0
-projectPath
D:/VR20211/VR게임엔진프로그래밍/ZombieGame
-logFile
Logs/AssetImportWorker0.log
-srvPort
10624
Successfully changed project path to: D:/VR20211/VR게임엔진프로그래밍/ZombieGame
D:/VR20211/VR게임엔진프로그래밍/ZombieGame
Using Asset Import Pipeline V2.
Refreshing native plugins compatible for Editor in 63.27 ms, found 6 plugins.
Preloading 0 native plugins for Editor in 0.00 ms.
Initialize engine version: 2021.1.1f1 (6fdc41dfa55a)
[Subsystems] Discovering subsystems at path D:/Unity Project/2021.1.1f1/Editor/Data/Resources/UnitySubsystems
[Subsystems] Discovering subsystems at path D:/VR20211/VR게임엔진프로그래밍/ZombieGame/Assets
GfxDevice: creating device client; threaded=0; jobified=0
Direct3D:
    Version:  Direct3D 11.0 [level 11.1]
    Renderer: NVIDIA GeForce GTX 1660 Ti (ID=0x2191)
    Vendor:   NVIDIA
    VRAM:     5991 MB
    Driver:   27.21.14.5763
Initialize mono
Mono path[0] = 'D:/Unity Project/2021.1.1f1/Editor/Data/Managed'
Mono path[1] = 'D:/Unity Project/2021.1.1f1/Editor/Data/MonoBleedingEdge/lib/mono/unityjit'
Mono config path = 'D:/Unity Project/2021.1.1f1/Editor/Data/MonoBleedingEdge/etc'
Using monoOptions --debugger-agent=transport=dt_socket,embedding=1,server=y,suspend=n,address=127.0.0.1:56320
Begin MonoManager ReloadAssembly
Registering precompiled unity dll's ...
Register platform support module: D:/Unity Project/2021.1.1f1/Editor/Data/PlaybackEngines/WindowsStandaloneSupport/UnityEditor.WindowsStandalone.Extensions.dll
Registered in 0.000794 seconds.
Native extension for WindowsStandalone target not found
Refreshing native plugins compatible for Editor in 109.84 ms, found 6 plugins.
Preloading 0 native plugins for Editor in 0.00 ms.
Mono: successfully reloaded assembly
- Completed reload, in  0.960 seconds
Platform modules already initialized, skipping
Registering precompiled user dll's ...
Registered in 0.002644 seconds.
Begin MonoManager ReloadAssembly
Native extension for WindowsStandalone target not found
Refreshing native plugins compatible for Editor in 0.59 ms, found 1 plugins.
Preloading 0 native plugins for Editor in 0.00 ms.
Mono: successfully reloaded assembly
- Completed reload, in  0.807 seconds
Platform modules already initialized, skipping
========================================================================
Worker process is ready to serve import requests
Launched and connected shader compiler UnityShaderCompiler.exe after 0.03 seconds
Refreshing native plugins compatible for Editor in 0.43 ms, found 1 plugins.
Preloading 0 native plugins for Editor in 0.00 ms.
Unloading 2829 Unused Serialized files (Serialized files now loaded: 0)
System memory in use before: 104.3 MB.
System memory in use after: 104.5 MB.

Unloading 155 unused Assets to reduce memory usage. Loaded Objects now: 3143.
Total: 3.818200 ms (FindLiveObjects: 1.251100 ms CreateObjectMapping: 0.453000 ms MarkObjects: 1.878000 ms  DeleteObjects: 0.233900 ms)

========================================================================
Received Prepare
Registering precompiled user dll's ...
Registered in 0.001979 seconds.
Begin MonoManager ReloadAssembly
Native extension for WindowsStandalone target not found
Refreshing native plugins compatible for Editor in 0.42 ms, found 1 plugins.
Preloading 0 native plugins for Editor in 0.00 ms.
Mono: successfully reloaded assembly
- Completed reload, in  0.733 seconds
Platform modules already initialized, skipping
Refreshing native plugins compatible for Editor in 0.46 ms, found 1 plugins.
Preloading 0 native plugins for Editor in 0.00 ms.
Unloading 2660 Unused Serialized files (Serialized files now loaded: 0)
System memory in use before: 99.0 MB.
System memory in use after: 99.2 MB.

Unloading 10 unused Assets to reduce memory usage. Loaded Objects now: 3146.
Total: 2.326300 ms (FindLiveObjects: 0.333200 ms CreateObjectMapping: 0.175400 ms MarkObjects: 1.779400 ms  DeleteObjects: 0.037400 ms)

========================================================================
Received Import Request.
  path: Assets/GoogleVR/Scripts/Headset/Internal/HeadsetProviders/AndroidNativeHeadsetProvider.cs
  artifactKey: Guid(e39841bba8ebf4707aff759a1690a400) Importer(815301076,1909f56bfc062723c751e8b465ee728b)
Start importing Assets/GoogleVR/Scripts/Headset/Internal/HeadsetProviders/AndroidNativeHeadsetProvider.cs using Guid(e39841bba8ebf4707aff759a1690a400) Importer(815301076,1909f56bfc062723c751e8b465ee728b)  -> (artifact id: '3a7b68f452e765df0386ae87e8515086') in 0.039269 seconds 
========================================================================
Received Import Request.
  Time since last request: 11.893356 seconds.
  path: Assets/GoogleVR/Scripts/Headset/Internal/HeadsetProviders/EditorHeadsetProvider.cs
  artifactKey: Guid(19a9f6c7cb74d44bd9bbc87397789f7c) Importer(815301076,1909f56bfc062723c751e8b465ee728b)
Start importing Assets/GoogleVR/Scripts/Headset/Internal/HeadsetProviders/EditorHeadsetProvider.cs using Guid(19a9f6c7cb74d44bd9bbc87397789f7c) Importer(815301076,1909f56bfc062723c751e8b465ee728b)  -> (artifact id: '008b320f0c7839decccae0ef6d5ebdbd') in 0.007814 seconds 
========================================================================
Received Import Request.
  Time since last request: 17.817673 seconds.
  path: Assets/GoogleVR/Scripts/Headset/Internal/HeadsetProviderFactory.cs
  artifactKey: Guid(1a8761daaa87949d9bfee83827f1cf81) Importer(815301076,1909f56bfc062723c751e8b465ee728b)
Start importing Assets/GoogleVR/Scripts/Headset/Internal/HeadsetProviderFactory.cs using Guid(1a8761daaa87949d9bfee83827f1cf81) Importer(815301076,1909f56bfc062723c751e8b465ee728b)  -> (artifact id: '46e778b53cb92b486be3b82069f3e365') in 0.005776 seconds 
========================================================================
Received Import Request.
  Time since last request: 42.742566 seconds.
  path: Assets/GoogleVR/Scripts/Headset/Internal/IHeadsetProvider.cs
  artifactKey: Guid(e5000c7de28ac497c8564ecb8d1f005d) Importer(815301076,1909f56bfc062723c751e8b465ee728b)
Start importing Assets/GoogleVR/Scripts/Headset/Internal/IHeadsetProvider.cs using Guid(e5000c7de28ac497c8564ecb8d1f005d) Importer(815301076,1909f56bfc062723c751e8b465ee728b)  -> (artifact id: 'ed87ba694f477e9f27eea08da0e541db') in 0.006984 seconds 
========================================================================
Received Import Request.
  Time since last request: 0.444456 seconds.
  path: Assets/GoogleVR/Scripts/Headset/GvrHeadset.cs
  artifactKey: Guid(ecd9463bbd7994be09b972947a085067) Importer(815301076,1909f56bfc062723c751e8b465ee728b)
Start importing Assets/GoogleVR/Scripts/Headset/GvrHeadset.cs using Guid(ecd9463bbd7994be09b972947a085067) Importer(815301076,1909f56bfc062723c751e8b465ee728b)  -> (artifact id: '1d938855ff3939976a88fb4b986efbae') in 0.005949 seconds 
========================================================================
Received Import Request.
  Time since last request: 27.345836 seconds.
  path: Assets/GoogleVR/Beta/Scripts/GvrBetaHeadset.cs
  artifactKey: Guid(3bb8269934bb74dbfa736cced96c7dfe) Importer(815301076,1909f56bfc062723c751e8b465ee728b)
Start importing Assets/GoogleVR/Beta/Scripts/GvrBetaHeadset.cs using Guid(3bb8269934bb74dbfa736cced96c7dfe) Importer(815301076,1909f56bfc062723c751e8b465ee728b)  -> (artifact id: '5f68df1804c45afc51c66865156ecaed') in 0.006204 seconds 
========================================================================
Received Import Request.
  Time since last request: 32.133882 seconds.
  path: Assets/GoogleVR/Beta/Scripts/Internal/GvrBetaHeadsetProvider.cs
  artifactKey: Guid(128e448f226e2478dbd01209ac6b5237) Importer(815301076,1909f56bfc062723c751e8b465ee728b)
Start importing Assets/GoogleVR/Beta/Scripts/Internal/GvrBetaHeadsetProvider.cs using Guid(128e448f226e2478dbd01209ac6b5237) Importer(815301076,1909f56bfc062723c751e8b465ee728b)  -> (artifact id: '711f2e82f02b4fc81aaff9003a66eab1') in 0.008103 seconds 
========================================================================
Received Import Request.
  Time since last request: 17.522527 seconds.
  path: Assets/GoogleVR/Beta/Demos/Scripts/DemoSeeThroughController.cs
  artifactKey: Guid(24623b77a61c743eaa47d0bc1b6a818f) Importer(815301076,1909f56bfc062723c751e8b465ee728b)
Start importing Assets/GoogleVR/Beta/Demos/Scripts/DemoSeeThroughController.cs using Guid(24623b77a61c743eaa47d0bc1b6a818f) Importer(815301076,1909f56bfc062723c751e8b465ee728b)  -> (artifact id: 'dbd44803183050ecaf2fc96f45fd8e85') in 0.005295 seconds 
========================================================================
Received Import Request.
  Time since last request: 38.189192 seconds.
  path: Assets/GoogleVR/Demos/Scripts/HelloVR/HeadsetDemoManager.cs
  artifactKey: Guid(94f5d450d1bd94c97b1dc8109b633ac0) Importer(815301076,1909f56bfc062723c751e8b465ee728b)
Start importing Assets/GoogleVR/Demos/Scripts/HelloVR/HeadsetDemoManager.cs using Guid(94f5d450d1bd94c97b1dc8109b633ac0) Importer(815301076,1909f56bfc062723c751e8b465ee728b)  -> (artifact id: '924e4c34cf8dbbaa4d269f1c43c5f8be') in 0.006925 seconds 
========================================================================
Received Import Request.
  Time since last request: 18.515726 seconds.
  path: Assets/GoogleVR/Editor/GvrHeadsetEditor.cs
  artifactKey: Guid(a2377449ab35649b58bcd7315f345e88) Importer(815301076,1909f56bfc062723c751e8b465ee728b)
Start importing Assets/GoogleVR/Editor/GvrHeadsetEditor.cs using Guid(a2377449ab35649b58bcd7315f345e88) Importer(815301076,1909f56bfc062723c751e8b465ee728b)  -> (artifact id: 'e0504ab5ab04b7e583383e166f093e26') in 0.005908 seconds 
========================================================================
Received Prepare
Registering precompiled user dll's ...
Registered in 0.002425 seconds.
Begin MonoManager ReloadAssembly
Native extension for WindowsStandalone target not found
Refreshing native plugins compatible for Editor in 0.49 ms, found 6 plugins.
Preloading 0 native plugins for Editor in 0.00 ms.
Mono: successfully reloaded assembly
- Completed reload, in  0.775 seconds
Platform modules already initialized, skipping
Refreshing native plugins compatible for Editor in 0.59 ms, found 6 plugins.
Preloading 0 native plugins for Editor in 0.00 ms.
Unloading 2805 Unused Serialized files (Serialized files now loaded: 0)
System memory in use before: 103.2 MB.
System memory in use after: 103.4 MB.

Unloading 27 unused Assets to reduce memory usage. Loaded Objects now: 3265.
Total: 3.224900 ms (FindLiveObjects: 0.470700 ms CreateObjectMapping: 0.307700 ms MarkObjects: 2.381700 ms  DeleteObjects: 0.063800 ms)

========================================================================
Received Import Request.
  Time since last request: 661.481584 seconds.
  path: Assets/Inguz Media Studio/The Beauty Medieval War Banners and PROPS/Prefab/Flag_Style_A.prefab
  artifactKey: Guid(ba94203b2e8594f02ba99fb53505469e) Importer(815301076,1909f56bfc062723c751e8b465ee728b)
Start importing Assets/Inguz Media Studio/The Beauty Medieval War Banners and PROPS/Prefab/Flag_Style_A.prefab using Guid(ba94203b2e8594f02ba99fb53505469e) Importer(815301076,1909f56bfc062723c751e8b465ee728b)  -> (artifact id: 'f73c33c008a40011fe69729e372349f6') in 0.310258 seconds 
========================================================================
Received Import Request.
  Time since last request: 1.094216 seconds.
  path: Assets/Inguz Media Studio/The Beauty Medieval War Banners and PROPS/Prefab/Firewood_B.prefab
  artifactKey: Guid(dbee1b045b6764160a91237fbee4a59e) Importer(815301076,1909f56bfc062723c751e8b465ee728b)
Start importing Assets/Inguz Media Studio/The Beauty Medieval War Banners and PROPS/Prefab/Firewood_B.prefab using Guid(dbee1b045b6764160a91237fbee4a59e) Importer(815301076,1909f56bfc062723c751e8b465ee728b)  -> (artifact id: '2db4f61576d2a0b5a1657d0c4cde16c9') in 0.190641 seconds 
========================================================================
Received Import Request.
  Time since last request: 1.457208 seconds.
  path: Assets/Inguz Media Studio/The Beauty Medieval War Banners and PROPS/Prefab/Firewood_A.prefab
  artifactKey: Guid(3a9b7854188d4405280e2aee6b228fc7) Importer(815301076,1909f56bfc062723c751e8b465ee728b)
Start importing Assets/Inguz Media Studio/The Beauty Medieval War Banners and PROPS/Prefab/Firewood_A.prefab using Guid(3a9b7854188d4405280e2aee6b228fc7) Importer(815301076,1909f56bfc062723c751e8b465ee728b)  -> (artifact id: '7afcd6fd66241c079bc13694366ecd08') in 0.014627 seconds 
========================================================================
Received Import Request.
  Time since last request: 0.591169 seconds.
  path: Assets/Inguz Media Studio/The Beauty Medieval War Banners and PROPS/Prefab/Firewood_C.prefab
  artifactKey: Guid(8465c36704a3545e5a0bd5d43f85682e) Importer(815301076,1909f56bfc062723c751e8b465ee728b)
Start importing Assets/Inguz Media Studio/The Beauty Medieval War Banners and PROPS/Prefab/Firewood_C.prefab using Guid(8465c36704a3545e5a0bd5d43f85682e) Importer(815301076,1909f56bfc062723c751e8b465ee728b)  -> (artifact id: '0d2492aec7cceacc8e6d23e676058846') in 0.131165 seconds 
========================================================================
Received Import Request.
  Time since last request: 8.181201 seconds.
  path: Assets/Inguz Media Studio/The Beauty Medieval War Banners and PROPS/Textures
  artifactKey: Guid(5e2ce40a563ad46009aa788ac4b245a4) Importer(815301076,1909f56bfc062723c751e8b465ee728b)
Start importing Assets/Inguz Media Studio/The Beauty Medieval War Banners and PROPS/Textures using Guid(5e2ce40a563ad46009aa788ac4b245a4) Importer(815301076,1909f56bfc062723c751e8b465ee728b)  -> (artifact id: 'b257558f598232466f334e33db9fc9b8') in 0.006187 seconds 
========================================================================
Received Import Request.
  Time since last request: 2.427418 seconds.
  path: Assets/Inguz Media Studio/The Beauty Medieval War Banners and PROPS/Textures/Glow.png
  artifactKey: Guid(42bff2cb164f7405faaff43d2c9a5858) Importer(815301076,1909f56bfc062723c751e8b465ee728b)
Start importing Assets/Inguz Media Studio/The Beauty Medieval War Banners and PROPS/Textures/Glow.png using Guid(42bff2cb164f7405faaff43d2c9a5858) Importer(815301076,1909f56bfc062723c751e8b465ee728b)  -> (artifact id: 'aca4c25b48ee6f10a34ba66a148c81ef') in 0.050836 seconds 
========================================================================
Received Import Request.
  Time since last request: 0.410104 seconds.
  path: Assets/Inguz Media Studio/The Beauty Medieval War Banners and PROPS/Textures/Fire.png
  artifactKey: Guid(93e4fbd2e4a664cf48ec6ce2efba467f) Importer(815301076,1909f56bfc062723c751e8b465ee728b)
Start importing Assets/Inguz Media Studio/The Beauty Medieval War Banners and PROPS/Textures/Fire.png using Guid(93e4fbd2e4a664cf48ec6ce2efba467f) Importer(815301076,1909f56bfc062723c751e8b465ee728b)  -> (artifact id: '946e2cfb342cda995c209620940c9e82') in 0.012213 seconds 
========================================================================
Received Import Request.
  Time since last request: 2.652700 seconds.
  path: Assets/Inguz Media Studio/The Beauty Medieval War Banners and PROPS/Textures/Photoshop. Red Flag, Model A.psd
  artifactKey: Guid(65aedf915acf34dd8bc04474acb108c0) Importer(815301076,1909f56bfc062723c751e8b465ee728b)
Start importing Assets/Inguz Media Studio/The Beauty Medieval War Banners and PROPS/Textures/Photoshop. Red Flag, Model A.psd using Guid(65aedf915acf34dd8bc04474acb108c0) Importer(815301076,1909f56bfc062723c751e8b465ee728b)  -> (artifact id: 'feca3060296e67b94bb2451f0da95664') in 0.028082 seconds 
========================================================================
Received Import Request.
  Time since last request: 0.696402 seconds.
  path: Assets/Inguz Media Studio/The Beauty Medieval War Banners and PROPS/Textures/Photoshop. Red Flag, Model B Square.psd
  artifactKey: Guid(5fa4647589771449eb69903bd62239bc) Importer(815301076,1909f56bfc062723c751e8b465ee728b)
Start importing Assets/Inguz Media Studio/The Beauty Medieval War Banners and PROPS/Textures/Photoshop. Red Flag, Model B Square.psd using Guid(5fa4647589771449eb69903bd62239bc) Importer(815301076,1909f56bfc062723c751e8b465ee728b)  -> (artifact id: '7d5f642275529568402fa9e03b02c0fc') in 0.011594 seconds 
========================================================================
Received Import Request.
  Time since last request: 31.456859 seconds.
  path: Assets/Inguz Media Studio
  artifactKey: Guid(47dde4afabe199148851efe4558322f7) Importer(815301076,1909f56bfc062723c751e8b465ee728b)
Start importing Assets/Inguz Media Studio using Guid(47dde4afabe199148851efe4558322f7) Importer(815301076,1909f56bfc062723c751e8b465ee728b)  -> (artifact id: 'd14c19ea39abe3fdbc204d95f01c665b') in 0.007077 seconds 
========================================================================
Received Import Request.
  Time since last request: 266.316768 seconds.
  path: Assets/_TerrainAutoUpgrade
  artifactKey: Guid(5280b4b02742ad245a0ecd7084c131b3) Importer(815301076,1909f56bfc062723c751e8b465ee728b)
Start importing Assets/_TerrainAutoUpgrade using Guid(5280b4b02742ad245a0ecd7084c131b3) Importer(815301076,1909f56bfc062723c751e8b465ee728b)  -> (artifact id: '677ce736a4e9e7125b9aa162cc140f28') in 0.007141 seconds 
========================================================================
Received Import Request.
  Time since last request: 47.006901 seconds.
  path: Assets/Asset/Sprint Terrain.asset
  artifactKey: Guid(62c76e647e3ac79479b3ea3558dd6e9f) Importer(815301076,1909f56bfc062723c751e8b465ee728b)
Start importing Assets/Asset/Sprint Terrain.asset using Guid(62c76e647e3ac79479b3ea3558dd6e9f) Importer(815301076,1909f56bfc062723c751e8b465ee728b)  -> (artifact id: 'b30a48eca4b15bf212d3f1fe49f8f82c') in 0.206772 seconds 
========================================================================
Received Import Request.
  Time since last request: 3.789937 seconds.
  path: Assets/Asset/Scenes
  artifactKey: Guid(b18caff9348571349924298d1312fb4f) Importer(815301076,1909f56bfc062723c751e8b465ee728b)
Start importing Assets/Asset/Scenes using Guid(b18caff9348571349924298d1312fb4f) Importer(815301076,1909f56bfc062723c751e8b465ee728b)  -> (artifact id: 'b3f62ab779712bec28567529eb90ac08') in 0.006239 seconds 
========================================================================
Received Import Request.
  Time since last request: 1.430510 seconds.
  path: Assets/Asset/Scenes/Drift Track.unity
  artifactKey: Guid(e82a0c7cf6aa6504daa551b17979d57e) Importer(815301076,1909f56bfc062723c751e8b465ee728b)
Start importing Assets/Asset/Scenes/Drift Track.unity using Guid(e82a0c7cf6aa6504daa551b17979d57e) Importer(815301076,1909f56bfc062723c751e8b465ee728b)  -> (artifact id: 'a7a80e905229b233cb68db51afb13ef1') in 0.008306 seconds 
========================================================================
Received Import Request.
  Time since last request: 24.146948 seconds.
  path: Assets/Asset/Scenes/Sprint Track.unity
  artifactKey: Guid(46478303f7c601e4e8584cb7f8d31d7f) Importer(815301076,1909f56bfc062723c751e8b465ee728b)
Start importing Assets/Asset/Scenes/Sprint Track.unity using Guid(46478303f7c601e4e8584cb7f8d31d7f) Importer(815301076,1909f56bfc062723c751e8b465ee728b)  -> (artifact id: '0f482c390c96620bd048df28e6ee0d9e') in 0.008758 seconds 
========================================================================
Received Prepare
Registering precompiled user dll's ...
Registered in 0.002440 seconds.
Begin MonoManager ReloadAssembly
Native extension for WindowsStandalone target not found
Refreshing native plugins compatible for Editor in 0.63 ms, found 6 plugins.
Preloading 0 native plugins for Editor in 0.00 ms.
Mono: successfully reloaded assembly
- Completed reload, in  0.784 seconds
Platform modules already initialized, skipping
Refreshing native plugins compatible for Editor in 0.57 ms, found 6 plugins.
Preloading 0 native plugins for Editor in 0.00 ms.
Unloading 2812 Unused Serialized files (Serialized files now loaded: 0)
System memory in use before: 129.5 MB.
System memory in use after: 129.0 MB.

Unloading 29 unused Assets to reduce memory usage. Loaded Objects now: 3387.
Total: 2.116600 ms (FindLiveObjects: 0.322200 ms CreateObjectMapping: 0.155400 ms MarkObjects: 1.357800 ms  DeleteObjects: 0.279900 ms)

========================================================================
Received Import Request.
  Time since last request: 143.685144 seconds.
  path: Assets/Asset
  artifactKey: Guid(4f4e8e10628e0304fb84a579e436d19f) Importer(815301076,1909f56bfc062723c751e8b465ee728b)
Start importing Assets/Asset using Guid(4f4e8e10628e0304fb84a579e436d19f) Importer(815301076,1909f56bfc062723c751e8b465ee728b)  -> (artifact id: '9d68b7c7ddc734fbf0e3b61e7f0e359a') in 0.009892 seconds 
========================================================================
Received Import Request.
  Time since last request: 35.951248 seconds.
  path: Assets/Scenes
  artifactKey: Guid(71fecfc586a33c54fadfc1b5260e3a29) Importer(815301076,1909f56bfc062723c751e8b465ee728b)
Start importing Assets/Scenes using Guid(71fecfc586a33c54fadfc1b5260e3a29) Importer(815301076,1909f56bfc062723c751e8b465ee728b)  -> (artifact id: 'd58c5158223592d53b9cb5eee4d270ea') in 0.002555 seconds 
========================================================================
Received Import Request.
  Time since last request: 0.557662 seconds.
  path: Assets/Scenes/SampleScene.unity
  artifactKey: Guid(9fc0d4010bbf28b4594072e72b8655ab) Importer(815301076,1909f56bfc062723c751e8b465ee728b)
Start importing Assets/Scenes/SampleScene.unity using Guid(9fc0d4010bbf28b4594072e72b8655ab) Importer(815301076,1909f56bfc062723c751e8b465ee728b)  -> (artifact id: '41d69758c4b97b0a3a358ddd81bb05a1') in 0.012413 seconds 
========================================================================
Received Import Request.
  Time since last request: 272.646603 seconds.
  path: Assets/GoogleVR/Demos/Scripts/HelloVR
  artifactKey: Guid(4f324ee295003d7479f0254c0c0eeba9) Importer(815301076,1909f56bfc062723c751e8b465ee728b)
Start importing Assets/GoogleVR/Demos/Scripts/HelloVR using Guid(4f324ee295003d7479f0254c0c0eeba9) Importer(815301076,1909f56bfc062723c751e8b465ee728b)  -> (artifact id: '2ceb83d645db550592ed550427ede3d3') in 0.006164 seconds 
========================================================================
Received Import Request.
  Time since last request: 37.670479 seconds.
  path: Assets/GoogleVR/Scripts/Headset/Internal/HeadsetProviders
  artifactKey: Guid(1d03c283e1c0207439a9eeaf305a6252) Importer(815301076,1909f56bfc062723c751e8b465ee728b)
Start importing Assets/GoogleVR/Scripts/Headset/Internal/HeadsetProviders using Guid(1d03c283e1c0207439a9eeaf305a6252) Importer(815301076,1909f56bfc062723c751e8b465ee728b)  -> (artifact id: '4a9d6b3525bd57652b01eaf7c7d2984b') in 0.006057 seconds 
========================================================================
Received Prepare
Registering precompiled user dll's ...
Registered in 0.002395 seconds.
Begin MonoManager ReloadAssembly
Native extension for WindowsStandalone target not found
Refreshing native plugins compatible for Editor in 0.56 ms, found 6 plugins.
Preloading 0 native plugins for Editor in 0.00 ms.
Mono: successfully reloaded assembly
- Completed reload, in  0.769 seconds
Platform modules already initialized, skipping
Refreshing native plugins compatible for Editor in 0.56 ms, found 6 plugins.
Preloading 0 native plugins for Editor in 0.00 ms.
Unloading 2813 Unused Serialized files (Serialized files now loaded: 0)
System memory in use before: 129.4 MB.
System memory in use after: 128.9 MB.

Unloading 29 unused Assets to reduce memory usage. Loaded Objects now: 3393.
Total: 3.279600 ms (FindLiveObjects: 0.426200 ms CreateObjectMapping: 0.202600 ms MarkObjects: 2.320800 ms  DeleteObjects: 0.329000 ms)

========================================================================
Received Import Request.
  Time since last request: 58.590521 seconds.
  path: Assets/GoogleVR
  artifactKey: Guid(c91f4e76f0e910648b4c4d44bdc74e92) Importer(815301076,1909f56bfc062723c751e8b465ee728b)
Start importing Assets/GoogleVR using Guid(c91f4e76f0e910648b4c4d44bdc74e92) Importer(815301076,1909f56bfc062723c751e8b465ee728b)  -> (artifact id: 'e68dab4b2d0c433bb0736179ef83d1c1') in 0.009907 seconds 
========================================================================
Received Import Request.
  Time since last request: 3.742403 seconds.
  path: Assets/Campfire Pack/DemoScene.unity
  artifactKey: Guid(f29800a1c3c7b0f429c3d6060588bcc3) Importer(815301076,1909f56bfc062723c751e8b465ee728b)
Start importing Assets/Campfire Pack/DemoScene.unity using Guid(f29800a1c3c7b0f429c3d6060588bcc3) Importer(815301076,1909f56bfc062723c751e8b465ee728b)  -> (artifact id: '12ac54657944a320bbda6368a11dc761') in 0.014366 seconds 
========================================================================
Received Import Request.
  Time since last request: 950.215032 seconds.
  path: Assets/Campfire Pack/Model/New Terrain.asset
  artifactKey: Guid(fcc6d7b9d1094a343ac1ede190dd9bc0) Importer(815301076,1909f56bfc062723c751e8b465ee728b)
Start importing Assets/Campfire Pack/Model/New Terrain.asset using Guid(fcc6d7b9d1094a343ac1ede190dd9bc0) Importer(815301076,1909f56bfc062723c751e8b465ee728b)  -> (artifact id: '8f2aa14ec63a1cc31520d3c54ff12a94') in 0.086885 seconds 
========================================================================
Received Prepare
Registering precompiled user dll's ...
Registered in 0.002319 seconds.
Begin MonoManager ReloadAssembly
Native extension for WindowsStandalone target not found
Refreshing native plugins compatible for Editor in 0.54 ms, found 6 plugins.
Preloading 0 native plugins for Editor in 0.00 ms.
Mono: successfully reloaded assembly
- Completed reload, in  0.707 seconds
Platform modules already initialized, skipping
Refreshing native plugins compatible for Editor in 0.55 ms, found 6 plugins.
Preloading 0 native plugins for Editor in 0.00 ms.
Unloading 2814 Unused Serialized files (Serialized files now loaded: 0)
System memory in use before: 131.2 MB.
System memory in use after: 130.7 MB.

Unloading 29 unused Assets to reduce memory usage. Loaded Objects now: 3411.
Total: 2.193900 ms (FindLiveObjects: 0.333000 ms CreateObjectMapping: 0.153500 ms MarkObjects: 1.413300 ms  DeleteObjects: 0.292900 ms)

========================================================================
Received Import Request.
  Time since last request: 127.568390 seconds.
  path: Assets/Scenes/SampleScene.unity
  artifactKey: Guid(9fc0d4010bbf28b4594072e72b8655ab) Importer(815301076,1909f56bfc062723c751e8b465ee728b)
Start importing Assets/Scenes/SampleScene.unity using Guid(9fc0d4010bbf28b4594072e72b8655ab) Importer(815301076,1909f56bfc062723c751e8b465ee728b)  -> (artifact id: '55ac14c51f790180a4b290307831f47a') in 0.015573 seconds 
========================================================================
Received Import Request.
  Time since last request: 293.523131 seconds.
  path: Assets/GoogleVR/Demos/Images/VideoDemo/circle.png
  artifactKey: Guid(2d89a5f92f03449f2bd6c28c914115fc) Importer(815301076,1909f56bfc062723c751e8b465ee728b)
Start importing Assets/GoogleVR/Demos/Images/VideoDemo/circle.png using Guid(2d89a5f92f03449f2bd6c28c914115fc) Importer(815301076,1909f56bfc062723c751e8b465ee728b)  -> (artifact id: '015b0852e139e542ab7ee4a68bdebb1e') in 0.045024 seconds 
========================================================================
Received Import Request.
  Time since last request: 0.000204 seconds.
  path: Assets/GoogleVR/Demos/Images/VideoDemo/ic_pause_white_72.png
  artifactKey: Guid(33fe2a867f53b4dd7b47d13503efb4de) Importer(815301076,1909f56bfc062723c751e8b465ee728b)
Start importing Assets/GoogleVR/Demos/Images/VideoDemo/ic_pause_white_72.png using Guid(33fe2a867f53b4dd7b47d13503efb4de) Importer(815301076,1909f56bfc062723c751e8b465ee728b)  -> (artifact id: '825abd8a0c11d467ba8ba9f1b2f47189') in 0.011166 seconds 
========================================================================
Received Import Request.
  Time since last request: 0.000178 seconds.
  path: Assets/GoogleVR/Demos/Images/VideoDemo/hollowknob.png
  artifactKey: Guid(fe4fc8c33a7454cbf8504991c47a12a8) Importer(815301076,1909f56bfc062723c751e8b465ee728b)
Start importing Assets/GoogleVR/Demos/Images/VideoDemo/hollowknob.png using Guid(fe4fc8c33a7454cbf8504991c47a12a8) Importer(815301076,1909f56bfc062723c751e8b465ee728b)  -> (artifact id: 'd6f04a25bc872b4be3baf50281062eff') in 0.012140 seconds 
========================================================================
Received Import Request.
  Time since last request: 0.000321 seconds.
  path: Assets/GoogleVR/Textures/roundRect_52px.tif
  artifactKey: Guid(d60ac4d1232f24cfd9193c9724ed0185) Importer(815301076,1909f56bfc062723c751e8b465ee728b)
Start importing Assets/GoogleVR/Textures/roundRect_52px.tif using Guid(d60ac4d1232f24cfd9193c9724ed0185) Importer(815301076,1909f56bfc062723c751e8b465ee728b)  -> (artifact id: '60f1d6a9bbb13821c6a4e4e006789de1') in 0.017267 seconds 
========================================================================
Received Import Request.
  Time since last request: 0.000120 seconds.
  path: Assets/GoogleVR/Textures/dropShadow.png
  artifactKey: Guid(3776286ea5437463d95d7054b559df67) Importer(815301076,1909f56bfc062723c751e8b465ee728b)
Start importing Assets/GoogleVR/Textures/dropShadow.png using Guid(3776286ea5437463d95d7054b559df67) Importer(815301076,1909f56bfc062723c751e8b465ee728b)  -> (artifact id: 'e7af04a08a730e6f23f69fd8ac0252e1') in 0.012775 seconds 
========================================================================
Received Import Request.
  Time since last request: 0.000127 seconds.
  path: Assets/GoogleVR/Demos/Images/VideoDemo/ic_volume_up_white_48.png
  artifactKey: Guid(738cb298280e345f4908ffe19a6cd591) Importer(815301076,1909f56bfc062723c751e8b465ee728b)
Start importing Assets/GoogleVR/Demos/Images/VideoDemo/ic_volume_up_white_48.png using Guid(738cb298280e345f4908ffe19a6cd591) Importer(815301076,1909f56bfc062723c751e8b465ee728b)  -> (artifact id: 'af5bb364cc4ab84a8c2b133aeabd2e27') in 0.012941 seconds 
========================================================================
Received Import Request.
  Time since last request: 0.000117 seconds.
  path: Assets/GoogleVR/Demos/Images/VideoDemo/ic_play_arrow_white_72.png
  artifactKey: Guid(36597cf9c1ebe400c99c9affa94cfd24) Importer(815301076,1909f56bfc062723c751e8b465ee728b)
Start importing Assets/GoogleVR/Demos/Images/VideoDemo/ic_play_arrow_white_72.png using Guid(36597cf9c1ebe400c99c9affa94cfd24) Importer(815301076,1909f56bfc062723c751e8b465ee728b)  -> (artifact id: '2730158aed439b24dfd997fef5653234') in 0.011272 seconds 
========================================================================
Received Import Request.
  Time since last request: 121.332634 seconds.
  path: Assets/MainPointer.cs
  artifactKey: Guid(89da4c53cb224484bba024e64114f051) Importer(815301076,1909f56bfc062723c751e8b465ee728b)
Start importing Assets/MainPointer.cs using Guid(89da4c53cb224484bba024e64114f051) Importer(815301076,1909f56bfc062723c751e8b465ee728b)  -> (artifact id: 'ae38196aa8bddd1891f8195f293a6b44') in 0.006360 seconds 
========================================================================
Received Import Request.
  Time since last request: 9.872624 seconds.
  path: Assets/Scripts
  artifactKey: Guid(b5983b9ebc3ee9347a522e04329d915e) Importer(815301076,1909f56bfc062723c751e8b465ee728b)
Start importing Assets/Scripts using Guid(b5983b9ebc3ee9347a522e04329d915e) Importer(815301076,1909f56bfc062723c751e8b465ee728b)  -> (artifact id: '0d576d45bade500a9435e3f41a9dac86') in 0.006526 seconds 
========================================================================
Received Prepare
Registering precompiled user dll's ...
Registered in 0.002827 seconds.
Begin MonoManager ReloadAssembly
Native extension for WindowsStandalone target not found
Refreshing native plugins compatible for Editor in 0.54 ms, found 6 plugins.
Preloading 0 native plugins for Editor in 0.00 ms.
Mono: successfully reloaded assembly
- Completed reload, in  0.796 seconds
Platform modules already initialized, skipping
Refreshing native plugins compatible for Editor in 0.60 ms, found 6 plugins.
Preloading 0 native plugins for Editor in 0.00 ms.
Unloading 2820 Unused Serialized files (Serialized files now loaded: 0)
System memory in use before: 135.0 MB.
System memory in use after: 134.5 MB.

Unloading 29 unused Assets to reduce memory usage. Loaded Objects now: 3529.
Total: 2.176700 ms (FindLiveObjects: 0.252900 ms CreateObjectMapping: 0.151800 ms MarkObjects: 1.443400 ms  DeleteObjects: 0.327900 ms)

========================================================================
Received Import Request.
  Time since last request: 37.823978 seconds.
  path: ProjectSettings/TagManager.asset
  artifactKey: Guid(00000000000000003000000000000000) Importer(815301076,1909f56bfc062723c751e8b465ee728b)
Start importing ProjectSettings/TagManager.asset using Guid(00000000000000003000000000000000) Importer(815301076,1909f56bfc062723c751e8b465ee728b)  -> (artifact id: '4d0bcabdc2b22e43aa7c7fb19f6c7324') in 0.014902 seconds 
========================================================================
Received Prepare
Registering precompiled user dll's ...
Registered in 0.002754 seconds.
Begin MonoManager ReloadAssembly
Native extension for WindowsStandalone target not found
Refreshing native plugins compatible for Editor in 0.56 ms, found 6 plugins.
Preloading 0 native plugins for Editor in 0.00 ms.
Mono: successfully reloaded assembly
- Completed reload, in  0.752 seconds
Platform modules already initialized, skipping
Refreshing native plugins compatible for Editor in 0.57 ms, found 6 plugins.
Preloading 0 native plugins for Editor in 0.00 ms.
Unloading 2813 Unused Serialized files (Serialized files now loaded: 0)
System memory in use before: 134.8 MB.
System memory in use after: 134.2 MB.

Unloading 30 unused Assets to reduce memory usage. Loaded Objects now: 3532.
Total: 2.378200 ms (FindLiveObjects: 0.523200 ms CreateObjectMapping: 0.172900 ms MarkObjects: 1.388100 ms  DeleteObjects: 0.292700 ms)

========================================================================
Received Prepare
Registering precompiled user dll's ...
Registered in 0.002914 seconds.
Begin MonoManager ReloadAssembly
Native extension for WindowsStandalone target not found
Refreshing native plugins compatible for Editor in 0.55 ms, found 6 plugins.
Preloading 0 native plugins for Editor in 0.00 ms.
Mono: successfully reloaded assembly
- Completed reload, in  0.795 seconds
Platform modules already initialized, skipping
Refreshing native plugins compatible for Editor in 0.58 ms, found 6 plugins.
Preloading 0 native plugins for Editor in 0.00 ms.
Unloading 2813 Unused Serialized files (Serialized files now loaded: 0)
System memory in use before: 134.7 MB.
System memory in use after: 134.2 MB.

Unloading 29 unused Assets to reduce memory usage. Loaded Objects now: 3535.
Total: 2.540400 ms (FindLiveObjects: 0.414700 ms CreateObjectMapping: 0.273400 ms MarkObjects: 1.556700 ms  DeleteObjects: 0.294500 ms)

========================================================================
Received Prepare
Registering precompiled user dll's ...
Registered in 0.002412 seconds.
Begin MonoManager ReloadAssembly
Native extension for WindowsStandalone target not found
Refreshing native plugins compatible for Editor in 0.54 ms, found 6 plugins.
Preloading 0 native plugins for Editor in 0.00 ms.
Mono: successfully reloaded assembly
- Completed reload, in  0.787 seconds
Platform modules already initialized, skipping
Refreshing native plugins compatible for Editor in 0.56 ms, found 6 plugins.
Preloading 0 native plugins for Editor in 0.00 ms.
Unloading 2813 Unused Serialized files (Serialized files now loaded: 0)
System memory in use before: 134.7 MB.
System memory in use after: 134.2 MB.

Unloading 29 unused Assets to reduce memory usage. Loaded Objects now: 3538.
Total: 2.383500 ms (FindLiveObjects: 0.399800 ms CreateObjectMapping: 0.239800 ms MarkObjects: 1.412100 ms  DeleteObjects: 0.329800 ms)

========================================================================
Received Prepare
Registering precompiled user dll's ...
Registered in 0.002978 seconds.
Begin MonoManager ReloadAssembly
Native extension for WindowsStandalone target not found
Refreshing native plugins compatible for Editor in 0.56 ms, found 6 plugins.
Preloading 0 native plugins for Editor in 0.00 ms.
Mono: successfully reloaded assembly
- Completed reload, in  0.782 seconds
Platform modules already initialized, skipping
Refreshing native plugins compatible for Editor in 0.57 ms, found 6 plugins.
Preloading 0 native plugins for Editor in 0.00 ms.
Unloading 2813 Unused Serialized files (Serialized files now loaded: 0)
System memory in use before: 134.8 MB.
System memory in use after: 134.3 MB.

Unloading 29 unused Assets to reduce memory usage. Loaded Objects now: 3541.
Total: 3.667400 ms (FindLiveObjects: 0.469100 ms CreateObjectMapping: 0.202800 ms MarkObjects: 2.666600 ms  DeleteObjects: 0.327600 ms)

========================================================================
Received Import Request.
  Time since last request: 2038.698411 seconds.
  path: Assets/Zombie.controller
  artifactKey: Guid(ac655b11b3e40be4ca4d994e673852be) Importer(815301076,1909f56bfc062723c751e8b465ee728b)
Start importing Assets/Zombie.controller using Guid(ac655b11b3e40be4ca4d994e673852be) Importer(815301076,1909f56bfc062723c751e8b465ee728b)  -> (artifact id: 'c6ba6ec1ffe0d98122f80cb672c52443') in 0.019653 seconds 
========================================================================
Received Import Request.
  Time since last request: 34.975805 seconds.
  path: Assets/Supercyan Character Pack Zombie Sample/AnimatorControllers/FreeZombieController.controller
  artifactKey: Guid(c929656c07909194ab8a5cd79f5f371d) Importer(815301076,1909f56bfc062723c751e8b465ee728b)
Start importing Assets/Supercyan Character Pack Zombie Sample/AnimatorControllers/FreeZombieController.controller using Guid(c929656c07909194ab8a5cd79f5f371d) Importer(815301076,1909f56bfc062723c751e8b465ee728b)  -> (artifact id: '163ea27a3fc863b4b5a9f705fd737ebc') in 0.010811 seconds 
========================================================================
Received Prepare
Registering precompiled user dll's ...
Registered in 0.002552 seconds.
Begin MonoManager ReloadAssembly
Native extension for WindowsStandalone target not found
Refreshing native plugins compatible for Editor in 0.92 ms, found 6 plugins.
Preloading 0 native plugins for Editor in 0.00 ms.
Mono: successfully reloaded assembly
- Completed reload, in  0.808 seconds
Platform modules already initialized, skipping
Refreshing native plugins compatible for Editor in 0.57 ms, found 6 plugins.
Preloading 0 native plugins for Editor in 0.00 ms.
Unloading 2814 Unused Serialized files (Serialized files now loaded: 0)
System memory in use before: 134.8 MB.
System memory in use after: 134.3 MB.

Unloading 29 unused Assets to reduce memory usage. Loaded Objects now: 3545.
Total: 2.409600 ms (FindLiveObjects: 0.361000 ms CreateObjectMapping: 0.157700 ms MarkObjects: 1.541100 ms  DeleteObjects: 0.348700 ms)

========================================================================
Received Prepare
Registering precompiled user dll's ...
Registered in 0.002234 seconds.
Begin MonoManager ReloadAssembly
Native extension for WindowsStandalone target not found
Refreshing native plugins compatible for Editor in 0.55 ms, found 6 plugins.
Preloading 0 native plugins for Editor in 0.00 ms.
Mono: successfully reloaded assembly
- Completed reload, in  0.761 seconds
Platform modules already initialized, skipping
Refreshing native plugins compatible for Editor in 0.57 ms, found 6 plugins.
Preloading 0 native plugins for Editor in 0.00 ms.
Unloading 2814 Unused Serialized files (Serialized files now loaded: 0)
System memory in use before: 134.8 MB.
System memory in use after: 134.3 MB.

Unloading 29 unused Assets to reduce memory usage. Loaded Objects now: 3548.
Total: 2.409600 ms (FindLiveObjects: 0.302300 ms CreateObjectMapping: 0.171600 ms MarkObjects: 1.571300 ms  DeleteObjects: 0.363500 ms)

========================================================================
Received Import Request.
  Time since last request: 300.998381 seconds.
  path: Assets/Scripts/GameManager.cs
  artifactKey: Guid(df313ccbe83f6234497988248e4d280a) Importer(815301076,1909f56bfc062723c751e8b465ee728b)
Start importing Assets/Scripts/GameManager.cs using Guid(df313ccbe83f6234497988248e4d280a) Importer(815301076,1909f56bfc062723c751e8b465ee728b)  -> (artifact id: '0b4336e6c8425dd75233019a7eaf29f7') in 0.020109 seconds 
========================================================================
Received Prepare
Registering precompiled user dll's ...
Registered in 0.002334 seconds.
Begin MonoManager ReloadAssembly
Native extension for WindowsStandalone target not found
Refreshing native plugins compatible for Editor in 0.56 ms, found 6 plugins.
Preloading 0 native plugins for Editor in 0.00 ms.
Mono: successfully reloaded assembly
- Completed reload, in  0.808 seconds
Platform modules already initialized, skipping
Refreshing native plugins compatible for Editor in 0.58 ms, found 6 plugins.
Preloading 0 native plugins for Editor in 0.00 ms.
Unloading 2814 Unused Serialized files (Serialized files now loaded: 0)
System memory in use before: 134.8 MB.
System memory in use after: 134.4 MB.

Unloading 29 unused Assets to reduce memory usage. Loaded Objects now: 3551.
Total: 2.466200 ms (FindLiveObjects: 0.278900 ms CreateObjectMapping: 0.161300 ms MarkObjects: 1.716400 ms  DeleteObjects: 0.308500 ms)

========================================================================
Received Prepare
Registering precompiled user dll's ...
Registered in 0.002990 seconds.
Begin MonoManager ReloadAssembly
Native extension for WindowsStandalone target not found
Refreshing native plugins compatible for Editor in 0.57 ms, found 6 plugins.
Preloading 0 native plugins for Editor in 0.00 ms.
Mono: successfully reloaded assembly
- Completed reload, in  0.793 seconds
Platform modules already initialized, skipping
Refreshing native plugins compatible for Editor in 0.59 ms, found 6 plugins.
Preloading 0 native plugins for Editor in 0.00 ms.
Unloading 2814 Unused Serialized files (Serialized files now loaded: 0)
System memory in use before: 134.9 MB.
System memory in use after: 134.4 MB.

Unloading 29 unused Assets to reduce memory usage. Loaded Objects now: 3554.
Total: 2.528900 ms (FindLiveObjects: 0.383400 ms CreateObjectMapping: 0.222400 ms MarkObjects: 1.511600 ms  DeleteObjects: 0.410500 ms)

========================================================================
Received Import Request.
  Time since last request: 231.034696 seconds.
  path: Assets/Scripts/GameManager.cs
  artifactKey: Guid(df313ccbe83f6234497988248e4d280a) Importer(815301076,1909f56bfc062723c751e8b465ee728b)
Start importing Assets/Scripts/GameManager.cs using Guid(df313ccbe83f6234497988248e4d280a) Importer(815301076,1909f56bfc062723c751e8b465ee728b)  -> (artifact id: '6c9e5996f43de4595da7445105d22a7c') in 0.005100 seconds 
========================================================================
Received Prepare
Registering precompiled user dll's ...
Registered in 0.002448 seconds.
Begin MonoManager ReloadAssembly
Native extension for WindowsStandalone target not found
Refreshing native plugins compatible for Editor in 0.68 ms, found 6 plugins.
Preloading 0 native plugins for Editor in 0.00 ms.
Mono: successfully reloaded assembly
- Completed reload, in  0.877 seconds
Platform modules already initialized, skipping
Refreshing native plugins compatible for Editor in 0.69 ms, found 6 plugins.
Preloading 0 native plugins for Editor in 0.00 ms.
Unloading 2814 Unused Serialized files (Serialized files now loaded: 0)
System memory in use before: 134.9 MB.
System memory in use after: 134.4 MB.

Unloading 29 unused Assets to reduce memory usage. Loaded Objects now: 3557.
Total: 2.432900 ms (FindLiveObjects: 0.261400 ms CreateObjectMapping: 0.161200 ms MarkObjects: 1.656200 ms  DeleteObjects: 0.353200 ms)

========================================================================
Received Prepare
Registering precompiled user dll's ...
Registered in 0.002406 seconds.
Begin MonoManager ReloadAssembly
Native extension for WindowsStandalone target not found
Refreshing native plugins compatible for Editor in 0.55 ms, found 6 plugins.
Preloading 0 native plugins for Editor in 0.00 ms.
Mono: successfully reloaded assembly
- Completed reload, in  0.711 seconds
Platform modules already initialized, skipping
Refreshing native plugins compatible for Editor in 0.55 ms, found 6 plugins.
Preloading 0 native plugins for Editor in 0.00 ms.
Unloading 2814 Unused Serialized files (Serialized files now loaded: 0)
System memory in use before: 134.9 MB.
System memory in use after: 134.4 MB.

Unloading 29 unused Assets to reduce memory usage. Loaded Objects now: 3560.
Total: 2.200200 ms (FindLiveObjects: 0.333800 ms CreateObjectMapping: 0.137300 ms MarkObjects: 1.396300 ms  DeleteObjects: 0.332100 ms)

========================================================================
Received Prepare
Registering precompiled user dll's ...
Registered in 0.002373 seconds.
Begin MonoManager ReloadAssembly
Native extension for WindowsStandalone target not found
Refreshing native plugins compatible for Editor in 0.53 ms, found 6 plugins.
Preloading 0 native plugins for Editor in 0.00 ms.
Mono: successfully reloaded assembly
- Completed reload, in  0.751 seconds
Platform modules already initialized, skipping
Refreshing native plugins compatible for Editor in 0.80 ms, found 6 plugins.
Preloading 0 native plugins for Editor in 0.00 ms.
Unloading 2814 Unused Serialized files (Serialized files now loaded: 0)
System memory in use before: 134.9 MB.
System memory in use after: 134.4 MB.

Unloading 29 unused Assets to reduce memory usage. Loaded Objects now: 3563.
Total: 2.251500 ms (FindLiveObjects: 0.361200 ms CreateObjectMapping: 0.138700 ms MarkObjects: 1.461100 ms  DeleteObjects: 0.289500 ms)

========================================================================
Received Prepare
Registering precompiled user dll's ...
Registered in 0.002244 seconds.
Begin MonoManager ReloadAssembly
Native extension for WindowsStandalone target not found
Refreshing native plugins compatible for Editor in 0.62 ms, found 6 plugins.
Preloading 0 native plugins for Editor in 0.00 ms.
Mono: successfully reloaded assembly
- Completed reload, in  0.755 seconds
Platform modules already initialized, skipping
Refreshing native plugins compatible for Editor in 0.61 ms, found 6 plugins.
Preloading 0 native plugins for Editor in 0.00 ms.
Unloading 2815 Unused Serialized files (Serialized files now loaded: 0)
System memory in use before: 134.9 MB.
System memory in use after: 134.4 MB.

Unloading 29 unused Assets to reduce memory usage. Loaded Objects now: 3567.
Total: 2.348900 ms (FindLiveObjects: 0.347600 ms CreateObjectMapping: 0.137100 ms MarkObjects: 1.558300 ms  DeleteObjects: 0.305500 ms)

========================================================================
Received Import Request.
  Time since last request: 518.643416 seconds.
  path: Assets/ZombieMove.cs
  artifactKey: Guid(4e57f832976f89442905d9e523625e09) Importer(815301076,1909f56bfc062723c751e8b465ee728b)
Start importing Assets/ZombieMove.cs using Guid(4e57f832976f89442905d9e523625e09) Importer(815301076,1909f56bfc062723c751e8b465ee728b)  -> (artifact id: '9d16616f8068520e9105f1330bc14394') in 0.009196 seconds 
========================================================================
Received Prepare
Registering precompiled user dll's ...
Registered in 0.002609 seconds.
Begin MonoManager ReloadAssembly
Native extension for WindowsStandalone target not found
Refreshing native plugins compatible for Editor in 0.87 ms, found 6 plugins.
Preloading 0 native plugins for Editor in 0.00 ms.
Mono: successfully reloaded assembly
- Completed reload, in  0.740 seconds
Platform modules already initialized, skipping
Refreshing native plugins compatible for Editor in 0.56 ms, found 6 plugins.
Preloading 0 native plugins for Editor in 0.00 ms.
Unloading 2815 Unused Serialized files (Serialized files now loaded: 0)
System memory in use before: 135.0 MB.
System memory in use after: 134.4 MB.

Unloading 29 unused Assets to reduce memory usage. Loaded Objects now: 3570.
Total: 2.337000 ms (FindLiveObjects: 0.289600 ms CreateObjectMapping: 0.183600 ms MarkObjects: 1.478600 ms  DeleteObjects: 0.384700 ms)

========================================================================
Received Prepare
Registering precompiled user dll's ...
Registered in 0.003050 seconds.
Begin MonoManager ReloadAssembly
Native extension for WindowsStandalone target not found
Refreshing native plugins compatible for Editor in 0.65 ms, found 6 plugins.
Preloading 0 native plugins for Editor in 0.00 ms.
Mono: successfully reloaded assembly
- Completed reload, in  0.738 seconds
Platform modules already initialized, skipping
Refreshing native plugins compatible for Editor in 0.61 ms, found 6 plugins.
Preloading 0 native plugins for Editor in 0.00 ms.
Unloading 2815 Unused Serialized files (Serialized files now loaded: 0)
System memory in use before: 135.0 MB.
System memory in use after: 134.4 MB.

Unloading 29 unused Assets to reduce memory usage. Loaded Objects now: 3573.
Total: 4.312800 ms (FindLiveObjects: 0.424800 ms CreateObjectMapping: 0.341900 ms MarkObjects: 3.083900 ms  DeleteObjects: 0.460400 ms)

========================================================================
Received Import Request.
  Time since last request: 217.942434 seconds.
  path: Assets/Scripts/ZombieMove.cs
  artifactKey: Guid(4e57f832976f89442905d9e523625e09) Importer(815301076,1909f56bfc062723c751e8b465ee728b)
Start importing Assets/Scripts/ZombieMove.cs using Guid(4e57f832976f89442905d9e523625e09) Importer(815301076,1909f56bfc062723c751e8b465ee728b)  -> (artifact id: '6ae05808d9ff09eda8562a5698673e2d') in 0.005051 seconds 
========================================================================
Received Prepare
Registering precompiled user dll's ...
Registered in 0.002828 seconds.
Begin MonoManager ReloadAssembly
Native extension for WindowsStandalone target not found
Refreshing native plugins compatible for Editor in 0.54 ms, found 6 plugins.
Preloading 0 native plugins for Editor in 0.00 ms.
Mono: successfully reloaded assembly
- Completed reload, in  0.730 seconds
Platform modules already initialized, skipping
Refreshing native plugins compatible for Editor in 0.57 ms, found 6 plugins.
Preloading 0 native plugins for Editor in 0.00 ms.
Unloading 2815 Unused Serialized files (Serialized files now loaded: 0)
System memory in use before: 135.0 MB.
System memory in use after: 134.5 MB.

Unloading 29 unused Assets to reduce memory usage. Loaded Objects now: 3576.
Total: 2.020800 ms (FindLiveObjects: 0.264900 ms CreateObjectMapping: 0.153400 ms MarkObjects: 1.316300 ms  DeleteObjects: 0.285400 ms)

========================================================================
Received Import Request.
  Time since last request: 120.824232 seconds.
  path: Assets/Supercyan Character Pack Zombie Sample/Prefabs/Base/Mobile/MobileFreeZombie.prefab
  artifactKey: Guid(e45a69c421144304c8d8176026d3fd7b) Importer(815301076,1909f56bfc062723c751e8b465ee728b)
Start importing Assets/Supercyan Character Pack Zombie Sample/Prefabs/Base/Mobile/MobileFreeZombie.prefab using Guid(e45a69c421144304c8d8176026d3fd7b) Importer(815301076,1909f56bfc062723c751e8b465ee728b) The Animator Controller (Zombie) you have used is not valid. Animations will not play
UnityEngine.StackTraceUtility:ExtractStackTrace ()
UnityEditor.EditorUtility:Internal_InstantiateRemoveAllNonAnimationComponentsSingle (UnityEngine.Object,UnityEngine.Vector3,UnityEngine.Quaternion)
UnityEditor.EditorUtility:InstantiateRemoveAllNonAnimationComponents (UnityEngine.Object,UnityEngine.Vector3,UnityEngine.Quaternion)
UnityEditor.EditorUtility:InstantiateForAnimatorPreview (UnityEngine.Object)
UnityEditor.GameObjectInspector/PreviewData:UpdateGameObject (UnityEngine.Object)
UnityEditor.GameObjectInspector/PreviewData:.ctor (UnityEngine.Object)
UnityEditor.GameObjectInspector:GetPreviewData ()
UnityEditor.GameObjectInspector:RenderStaticPreview (string,UnityEngine.Object[],int,int)
UnityEditor.AssetPreviewUpdater:CreatePreview (UnityEngine.Object,UnityEngine.Object[],string,int,int)
UnityEditor.AssetPreviewUpdater:CreatePreviewForAsset (UnityEngine.Object,UnityEngine.Object[],string)

[C:\buildslave\unity\build\Modules/Animation/Director/AnimatorControllerPlayable.cpp line 333]

The Animator Controller (Zombie) you have used is not valid. Animations will not play
UnityEngine.StackTraceUtility:ExtractStackTrace ()
UnityEditor.EditorUtility:InitInstantiatedPreviewRecursive (UnityEngine.GameObject)
UnityEditor.EditorUtility:InstantiateForAnimatorPreview (UnityEngine.Object)
UnityEditor.GameObjectInspector/PreviewData:UpdateGameObject (UnityEngine.Object)
UnityEditor.GameObjectInspector/PreviewData:.ctor (UnityEngine.Object)
UnityEditor.GameObjectInspector:GetPreviewData ()
UnityEditor.GameObjectInspector:RenderStaticPreview (string,UnityEngine.Object[],int,int)
UnityEditor.AssetPreviewUpdater:CreatePreview (UnityEngine.Object,UnityEngine.Object[],string,int,int)
UnityEditor.AssetPreviewUpdater:CreatePreviewForAsset (UnityEngine.Object,UnityEngine.Object[],string)

[C:\buildslave\unity\build\Modules/Animation/Director/AnimatorControllerPlayable.cpp line 333]

 -> (artifact id: '3e205293bd2413c16a2434be8f78ec55') in 0.070399 seconds 
========================================================================
Received Prepare
Registering precompiled user dll's ...
Registered in 0.002534 seconds.
Begin MonoManager ReloadAssembly
Native extension for WindowsStandalone target not found
Refreshing native plugins compatible for Editor in 0.83 ms, found 6 plugins.
Preloading 0 native plugins for Editor in 0.00 ms.
Mono: successfully reloaded assembly
- Completed reload, in  0.820 seconds
Platform modules already initialized, skipping
Refreshing native plugins compatible for Editor in 0.58 ms, found 6 plugins.
Preloading 0 native plugins for Editor in 0.00 ms.
Unloading 2815 Unused Serialized files (Serialized files now loaded: 0)
System memory in use before: 135.3 MB.
System memory in use after: 134.8 MB.

Unloading 29 unused Assets to reduce memory usage. Loaded Objects now: 3582.
Total: 2.211200 ms (FindLiveObjects: 0.331400 ms CreateObjectMapping: 0.127800 ms MarkObjects: 1.413400 ms  DeleteObjects: 0.337900 ms)

========================================================================
Received Prepare
Registering precompiled user dll's ...
Registered in 0.002620 seconds.
Begin MonoManager ReloadAssembly
Native extension for WindowsStandalone target not found
Refreshing native plugins compatible for Editor in 0.56 ms, found 6 plugins.
Preloading 0 native plugins for Editor in 0.00 ms.
Mono: successfully reloaded assembly
- Completed reload, in  0.770 seconds
Platform modules already initialized, skipping
Refreshing native plugins compatible for Editor in 0.56 ms, found 6 plugins.
Preloading 0 native plugins for Editor in 0.00 ms.
Unloading 2815 Unused Serialized files (Serialized files now loaded: 0)
System memory in use before: 135.3 MB.
System memory in use after: 134.8 MB.

Unloading 29 unused Assets to reduce memory usage. Loaded Objects now: 3585.
Total: 3.793200 ms (FindLiveObjects: 0.346400 ms CreateObjectMapping: 0.164800 ms MarkObjects: 2.900400 ms  DeleteObjects: 0.380600 ms)

========================================================================
Received Prepare
Registering precompiled user dll's ...
Registered in 0.002466 seconds.
Begin MonoManager ReloadAssembly
Native extension for WindowsStandalone target not found
Refreshing native plugins compatible for Editor in 0.55 ms, found 6 plugins.
Preloading 0 native plugins for Editor in 0.00 ms.
Mono: successfully reloaded assembly
- Completed reload, in  0.783 seconds
Platform modules already initialized, skipping
Refreshing native plugins compatible for Editor in 0.58 ms, found 6 plugins.
Preloading 0 native plugins for Editor in 0.00 ms.
Unloading 2815 Unused Serialized files (Serialized files now loaded: 0)
System memory in use before: 135.3 MB.
System memory in use after: 134.8 MB.

Unloading 29 unused Assets to reduce memory usage. Loaded Objects now: 3588.
Total: 2.806900 ms (FindLiveObjects: 0.434500 ms CreateObjectMapping: 0.246300 ms MarkObjects: 1.770800 ms  DeleteObjects: 0.353900 ms)

========================================================================
Received Prepare
Registering precompiled user dll's ...
Registered in 0.002237 seconds.
Begin MonoManager ReloadAssembly
Native extension for WindowsStandalone target not found
Refreshing native plugins compatible for Editor in 0.54 ms, found 6 plugins.
Preloading 0 native plugins for Editor in 0.00 ms.
Mono: successfully reloaded assembly
- Completed reload, in  0.727 seconds
Platform modules already initialized, skipping
Refreshing native plugins compatible for Editor in 0.56 ms, found 6 plugins.
Preloading 0 native plugins for Editor in 0.00 ms.
Unloading 2815 Unused Serialized files (Serialized files now loaded: 0)
System memory in use before: 135.4 MB.
System memory in use after: 134.8 MB.

Unloading 29 unused Assets to reduce memory usage. Loaded Objects now: 3591.
Total: 2.209100 ms (FindLiveObjects: 0.302000 ms CreateObjectMapping: 0.172900 ms MarkObjects: 1.421800 ms  DeleteObjects: 0.311500 ms)

========================================================================
Received Prepare
Registering precompiled user dll's ...
Registered in 0.002740 seconds.
Begin MonoManager ReloadAssembly
Native extension for WindowsStandalone target not found
Refreshing native plugins compatible for Editor in 0.54 ms, found 6 plugins.
Preloading 0 native plugins for Editor in 0.00 ms.
Mono: successfully reloaded assembly
- Completed reload, in  0.718 seconds
Platform modules already initialized, skipping
Refreshing native plugins compatible for Editor in 0.58 ms, found 6 plugins.
Preloading 0 native plugins for Editor in 0.00 ms.
Unloading 2815 Unused Serialized files (Serialized files now loaded: 0)
System memory in use before: 135.5 MB.
System memory in use after: 134.9 MB.

Unloading 29 unused Assets to reduce memory usage. Loaded Objects now: 3594.
Total: 3.531800 ms (FindLiveObjects: 0.594800 ms CreateObjectMapping: 0.662500 ms MarkObjects: 1.941200 ms  DeleteObjects: 0.332300 ms)

AssetImportWorkerClient::OnTransportError - code=2 error=End of file
