Using pre-set license
Built from '2021.1/release' branch; Version is '2021.1.1f1 (6fdc41dfa55a) revision 7330881'; Using compiler version '192528614'; Build Type 'Release'
OS: 'Windows 10 Pro; OS build 19042.985; Version 2009; 64bit' Language: 'ko' Physical Memory: 16169 MB
BatchMode: 1, IsHumanControllingUs: 0, StartBugReporterOnCrash: 0, Is64bit: 1, IsPro: 0

 COMMAND LINE ARGUMENTS:
D:\Unity\2021.1.1f1\Editor\Unity.exe
-adb2
-batchMode
-noUpm
-name
AssetImportWorker0
-projectPath
D:/VR20211/VR게임엔진프로그래밍/3DLemon
-logFile
Logs/AssetImportWorker0.log
-srvPort
10191
Successfully changed project path to: D:/VR20211/VR게임엔진프로그래밍/3DLemon
D:/VR20211/VR게임엔진프로그래밍/3DLemon
Using Asset Import Pipeline V2.
Refreshing native plugins compatible for Editor in 68.79 ms, found 1 plugins.
Preloading 0 native plugins for Editor in 0.00 ms.
Initialize engine version: 2021.1.1f1 (6fdc41dfa55a)
[Subsystems] Discovering subsystems at path D:/Unity/2021.1.1f1/Editor/Data/Resources/UnitySubsystems
[Subsystems] Discovering subsystems at path D:/VR20211/VR게임엔진프로그래밍/3DLemon/Assets
GfxDevice: creating device client; threaded=0; jobified=0
Direct3D:
    Version:  Direct3D 11.0 [level 11.1]
    Renderer: NVIDIA GeForce GTX 1660 Ti (ID=0x2191)
    Vendor:   NVIDIA
    VRAM:     5991 MB
    Driver:   27.21.14.5763
Initialize mono
Mono path[0] = 'D:/Unity/2021.1.1f1/Editor/Data/Managed'
Mono path[1] = 'D:/Unity/2021.1.1f1/Editor/Data/MonoBleedingEdge/lib/mono/unityjit'
Mono config path = 'D:/Unity/2021.1.1f1/Editor/Data/MonoBleedingEdge/etc'
Using monoOptions --debugger-agent=transport=dt_socket,embedding=1,server=y,suspend=n,address=127.0.0.1:56800
Begin MonoManager ReloadAssembly
Registering precompiled unity dll's ...
Register platform support module: D:/Unity/2021.1.1f1/Editor/Data/PlaybackEngines/WindowsStandaloneSupport/UnityEditor.WindowsStandalone.Extensions.dll
Registered in 0.000729 seconds.
Native extension for WindowsStandalone target not found
Refreshing native plugins compatible for Editor in 66.70 ms, found 1 plugins.
Preloading 0 native plugins for Editor in 0.00 ms.
Mono: successfully reloaded assembly
- Completed reload, in  0.868 seconds
Platform modules already initialized, skipping
Registering precompiled user dll's ...
Registered in 0.001665 seconds.
Begin MonoManager ReloadAssembly
Native extension for WindowsStandalone target not found
Refreshing native plugins compatible for Editor in 0.49 ms, found 1 plugins.
Preloading 0 native plugins for Editor in 0.00 ms.
Mono: successfully reloaded assembly
- Completed reload, in  0.790 seconds
Platform modules already initialized, skipping
========================================================================
Worker process is ready to serve import requests
Launched and connected shader compiler UnityShaderCompiler.exe after 0.03 seconds
Refreshing native plugins compatible for Editor in 0.47 ms, found 1 plugins.
Preloading 0 native plugins for Editor in 0.00 ms.
Unloading 2949 Unused Serialized files (Serialized files now loaded: 0)
System memory in use before: 186.2 MB.
System memory in use after: 186.4 MB.

Unloading 16 unused Assets to reduce memory usage. Loaded Objects now: 3405.
Total: 1.947300 ms (FindLiveObjects: 0.349000 ms CreateObjectMapping: 0.187200 ms MarkObjects: 1.318400 ms  DeleteObjects: 0.092000 ms)

========================================================================
Received Import Request.
  path: Assets/Audio/SFXHouseAmbience.wav
  artifactKey: Guid(205287722f2b6b64583b86d65fdeeb11) Importer(815301076,1909f56bfc062723c751e8b465ee728b)
Start importing Assets/Audio/SFXHouseAmbience.wav using Guid(205287722f2b6b64583b86d65fdeeb11) Importer(815301076,1909f56bfc062723c751e8b465ee728b)  -> (artifact id: 'a4462e226b8aa7d133dba570847b9b6b') in 0.114748 seconds 
========================================================================
Received Prepare
Registering precompiled user dll's ...
Registered in 0.001786 seconds.
Begin MonoManager ReloadAssembly
Native extension for WindowsStandalone target not found
Refreshing native plugins compatible for Editor in 0.53 ms, found 1 plugins.
Preloading 0 native plugins for Editor in 0.00 ms.
Mono: successfully reloaded assembly
- Completed reload, in  0.722 seconds
Platform modules already initialized, skipping
Refreshing native plugins compatible for Editor in 0.57 ms, found 1 plugins.
Preloading 0 native plugins for Editor in 0.00 ms.
Unloading 2912 Unused Serialized files (Serialized files now loaded: 0)
System memory in use before: 186.7 MB.
System memory in use after: 186.9 MB.

Unloading 11 unused Assets to reduce memory usage. Loaded Objects now: 3417.
Total: 1.739000 ms (FindLiveObjects: 0.220400 ms CreateObjectMapping: 0.164500 ms MarkObjects: 1.320200 ms  DeleteObjects: 0.033200 ms)

========================================================================
Received Import Request.
  Time since last request: 303.167352 seconds.
  path: Assets/Scripts/GameEnding.cs
  artifactKey: Guid(889679fbc15930641a54022c1ceadbf0) Importer(815301076,1909f56bfc062723c751e8b465ee728b)
Start importing Assets/Scripts/GameEnding.cs using Guid(889679fbc15930641a54022c1ceadbf0) Importer(815301076,1909f56bfc062723c751e8b465ee728b)  -> (artifact id: 'e1fa0be17ce09e559e66545ec57cddd9') in 0.024716 seconds 
========================================================================
Received Prepare
Registering precompiled user dll's ...
Registered in 0.001647 seconds.
Begin MonoManager ReloadAssembly
Native extension for WindowsStandalone target not found
Refreshing native plugins compatible for Editor in 0.50 ms, found 1 plugins.
Preloading 0 native plugins for Editor in 0.00 ms.
Mono: successfully reloaded assembly
- Completed reload, in  0.754 seconds
Platform modules already initialized, skipping
Refreshing native plugins compatible for Editor in 0.49 ms, found 1 plugins.
Preloading 0 native plugins for Editor in 0.00 ms.
Unloading 2912 Unused Serialized files (Serialized files now loaded: 0)
System memory in use before: 186.8 MB.
System memory in use after: 187.0 MB.

Unloading 11 unused Assets to reduce memory usage. Loaded Objects now: 3420.
Total: 2.292100 ms (FindLiveObjects: 0.318300 ms CreateObjectMapping: 0.199200 ms MarkObjects: 1.727900 ms  DeleteObjects: 0.045200 ms)

========================================================================
Received Import Request.
  Time since last request: 367.908945 seconds.
  path: Assets/Scripts/GameEnding.cs
  artifactKey: Guid(889679fbc15930641a54022c1ceadbf0) Importer(815301076,1909f56bfc062723c751e8b465ee728b)
Start importing Assets/Scripts/GameEnding.cs using Guid(889679fbc15930641a54022c1ceadbf0) Importer(815301076,1909f56bfc062723c751e8b465ee728b)  -> (artifact id: '16afbd5e0417f8e892896582b7ce7fb9') in 0.005361 seconds 
========================================================================
Received Prepare
Registering precompiled user dll's ...
Registered in 0.002198 seconds.
Begin MonoManager ReloadAssembly
Native extension for WindowsStandalone target not found
Refreshing native plugins compatible for Editor in 0.47 ms, found 1 plugins.
Preloading 0 native plugins for Editor in 0.00 ms.
Mono: successfully reloaded assembly
- Completed reload, in  0.741 seconds
Platform modules already initialized, skipping
Refreshing native plugins compatible for Editor in 0.48 ms, found 1 plugins.
Preloading 0 native plugins for Editor in 0.00 ms.
Unloading 2912 Unused Serialized files (Serialized files now loaded: 0)
System memory in use before: 186.8 MB.
System memory in use after: 187.0 MB.

Unloading 11 unused Assets to reduce memory usage. Loaded Objects now: 3423.
Total: 2.153700 ms (FindLiveObjects: 0.326300 ms CreateObjectMapping: 0.152800 ms MarkObjects: 1.621000 ms  DeleteObjects: 0.052600 ms)

========================================================================
Received Import Request.
  Time since last request: 455.047697 seconds.
  path: Assets/Scripts/PlayerMovement.cs
  artifactKey: Guid(7123f5d319a288841811e8a867098480) Importer(815301076,1909f56bfc062723c751e8b465ee728b)
Start importing Assets/Scripts/PlayerMovement.cs using Guid(7123f5d319a288841811e8a867098480) Importer(815301076,1909f56bfc062723c751e8b465ee728b)  -> (artifact id: '8d95880ccb22551d76005d24469f8ed6') in 0.010266 seconds 
========================================================================
Received Prepare
Registering precompiled user dll's ...
Registered in 0.001696 seconds.
Begin MonoManager ReloadAssembly
Native extension for WindowsStandalone target not found
Refreshing native plugins compatible for Editor in 0.50 ms, found 1 plugins.
Preloading 0 native plugins for Editor in 0.00 ms.
Mono: successfully reloaded assembly
- Completed reload, in  0.760 seconds
Platform modules already initialized, skipping
Refreshing native plugins compatible for Editor in 0.73 ms, found 1 plugins.
Preloading 0 native plugins for Editor in 0.00 ms.
Unloading 2912 Unused Serialized files (Serialized files now loaded: 0)
System memory in use before: 186.8 MB.
System memory in use after: 187.0 MB.

Unloading 11 unused Assets to reduce memory usage. Loaded Objects now: 3426.
Total: 2.837100 ms (FindLiveObjects: 0.414300 ms CreateObjectMapping: 0.356600 ms MarkObjects: 2.012000 ms  DeleteObjects: 0.049300 ms)

========================================================================
Received Import Request.
  Time since last request: 214.096468 seconds.
  path: Assets/Scripts/PlayerMovement.cs
  artifactKey: Guid(7123f5d319a288841811e8a867098480) Importer(815301076,1909f56bfc062723c751e8b465ee728b)
Start importing Assets/Scripts/PlayerMovement.cs using Guid(7123f5d319a288841811e8a867098480) Importer(815301076,1909f56bfc062723c751e8b465ee728b)  -> (artifact id: '9f9021b33cbcf08c6d75c1cc6e482a03') in 0.003965 seconds 
========================================================================
Received Prepare
Registering precompiled user dll's ...
Registered in 0.001803 seconds.
Begin MonoManager ReloadAssembly
Native extension for WindowsStandalone target not found
Refreshing native plugins compatible for Editor in 0.49 ms, found 1 plugins.
Preloading 0 native plugins for Editor in 0.00 ms.
Mono: successfully reloaded assembly
- Completed reload, in  0.709 seconds
Platform modules already initialized, skipping
Refreshing native plugins compatible for Editor in 0.47 ms, found 1 plugins.
Preloading 0 native plugins for Editor in 0.00 ms.
Unloading 2912 Unused Serialized files (Serialized files now loaded: 0)
System memory in use before: 186.8 MB.
System memory in use after: 187.0 MB.

Unloading 11 unused Assets to reduce memory usage. Loaded Objects now: 3429.
Total: 1.830900 ms (FindLiveObjects: 0.204600 ms CreateObjectMapping: 0.128800 ms MarkObjects: 1.458800 ms  DeleteObjects: 0.037900 ms)

========================================================================
Received Prepare
Registering precompiled user dll's ...
Registered in 0.001704 seconds.
Begin MonoManager ReloadAssembly
Native extension for WindowsStandalone target not found
Refreshing native plugins compatible for Editor in 0.46 ms, found 1 plugins.
Preloading 0 native plugins for Editor in 0.00 ms.
Mono: successfully reloaded assembly
- Completed reload, in  0.723 seconds
Platform modules already initialized, skipping
Refreshing native plugins compatible for Editor in 0.51 ms, found 1 plugins.
Preloading 0 native plugins for Editor in 0.00 ms.
Unloading 2912 Unused Serialized files (Serialized files now loaded: 0)
System memory in use before: 186.8 MB.
System memory in use after: 187.0 MB.

Unloading 11 unused Assets to reduce memory usage. Loaded Objects now: 3432.
Total: 1.941200 ms (FindLiveObjects: 0.270700 ms CreateObjectMapping: 0.146000 ms MarkObjects: 1.445800 ms  DeleteObjects: 0.077200 ms)

========================================================================
Received Import Request.
  Time since last request: 756.484653 seconds.
  path: Assets/Prefabs/Ghost.prefab
  artifactKey: Guid(7a8c8cbf3c824ab4e99707df74a36d25) Importer(815301076,1909f56bfc062723c751e8b465ee728b)
Start importing Assets/Prefabs/Ghost.prefab using Guid(7a8c8cbf3c824ab4e99707df74a36d25) Importer(815301076,1909f56bfc062723c751e8b465ee728b)  -> (artifact id: '0eb02ce6e0b529facf03b504a51e4a75') in 0.119565 seconds 
========================================================================
Received Import Request.
  Time since last request: 14.661693 seconds.
  path: Assets/Prefabs/Ghost.prefab
  artifactKey: Guid(7a8c8cbf3c824ab4e99707df74a36d25) Importer(815301076,1909f56bfc062723c751e8b465ee728b)
Start importing Assets/Prefabs/Ghost.prefab using Guid(7a8c8cbf3c824ab4e99707df74a36d25) Importer(815301076,1909f56bfc062723c751e8b465ee728b)  -> (artifact id: 'c5d7eb5e88caf78ff4de58638e7b1dab') in 0.014108 seconds 
========================================================================
Received Prepare
Registering precompiled user dll's ...
Registered in 0.001764 seconds.
Begin MonoManager ReloadAssembly
Native extension for WindowsStandalone target not found
Refreshing native plugins compatible for Editor in 0.55 ms, found 1 plugins.
Preloading 0 native plugins for Editor in 0.00 ms.
Mono: successfully reloaded assembly
- Completed reload, in  0.743 seconds
Platform modules already initialized, skipping
Refreshing native plugins compatible for Editor in 0.48 ms, found 1 plugins.
Preloading 0 native plugins for Editor in 0.00 ms.
Unloading 2912 Unused Serialized files (Serialized files now loaded: 0)
System memory in use before: 200.6 MB.
System memory in use after: 200.8 MB.

Unloading 11 unused Assets to reduce memory usage. Loaded Objects now: 3437.
Total: 1.784500 ms (FindLiveObjects: 0.280400 ms CreateObjectMapping: 0.141400 ms MarkObjects: 1.315400 ms  DeleteObjects: 0.046700 ms)

========================================================================
Received Import Request.
  Time since last request: 1712.804983 seconds.
  path: Assets/Prefabs/Ghost.prefab
  artifactKey: Guid(7a8c8cbf3c824ab4e99707df74a36d25) Importer(815301076,1909f56bfc062723c751e8b465ee728b)
Start importing Assets/Prefabs/Ghost.prefab using Guid(7a8c8cbf3c824ab4e99707df74a36d25) Importer(815301076,1909f56bfc062723c751e8b465ee728b)  -> (artifact id: '19d84efbb0bfc884d383c57b6083835b') in 0.079938 seconds 
========================================================================
Received Prepare
Registering precompiled user dll's ...
Registered in 0.001774 seconds.
Begin MonoManager ReloadAssembly
Native extension for WindowsStandalone target not found
Refreshing native plugins compatible for Editor in 0.57 ms, found 1 plugins.
Preloading 0 native plugins for Editor in 0.00 ms.
Mono: successfully reloaded assembly
- Completed reload, in  0.723 seconds
Platform modules already initialized, skipping
Refreshing native plugins compatible for Editor in 0.48 ms, found 1 plugins.
Preloading 0 native plugins for Editor in 0.00 ms.
Unloading 2912 Unused Serialized files (Serialized files now loaded: 0)
System memory in use before: 200.7 MB.
System memory in use after: 200.9 MB.

Unloading 11 unused Assets to reduce memory usage. Loaded Objects now: 3441.
Total: 2.019200 ms (FindLiveObjects: 0.306000 ms CreateObjectMapping: 0.144400 ms MarkObjects: 1.533500 ms  DeleteObjects: 0.034800 ms)

========================================================================
Received Prepare
Refreshing native plugins compatible for Editor in 1.48 ms, found 1 plugins.
Preloading 0 native plugins for Editor in 0.00 ms.
Unloading 9 Unused Serialized files (Serialized files now loaded: 0)
System memory in use before: 143.0 MB.
System memory in use after: 143.2 MB.

Unloading 9 unused Assets to reduce memory usage. Loaded Objects now: 3441.
Total: 4.146600 ms (FindLiveObjects: 0.367700 ms CreateObjectMapping: 0.256500 ms MarkObjects: 3.412900 ms  DeleteObjects: 0.108000 ms)

AssetImportWorkerClient::OnTransportError - code=2 error=End of file
